<?xml version="1.0" encoding="UTF-8"?>
<!-- Generated by org.testng.reporters.JUnitXMLReporter -->
<testsuite hostname="LAPTOP-RBK20B70" ignored="0" name="Default test" tests="10" failures="0" timestamp="2021-09-27T11:54:18 IST" time="75.596" errors="0">
  <testcase name="Login" time="10.801" classname="com.urbanladder.runner.Runner"/>
  <testcase name="DiningTable" time="1.58" classname="com.urbanladder.runner.Runner"/>
  <testcase name="Sale" time="8.716" classname="com.urbanladder.runner.Runner"/>
  <testcase name="Living" time="8.5" classname="com.urbanladder.runner.Runner"/>
  <testcase name="Bedroom" time="8.182" classname="com.urbanladder.runner.Runner"/>
  <testcase name="Storage" time="8.36" classname="com.urbanladder.runner.Runner"/>
  <testcase name="Study" time="8.199" classname="com.urbanladder.runner.Runner"/>
  <testcase name="Kids" time="8.157" classname="com.urbanladder.runner.Runner"/>
  <testcase name="GiftCard" time="9.125" classname="com.urbanladder.runner.Runner"/>
  <testcase name="BulkOrder" time="1.696" classname="com.urbanladder.runner.Runner"/>
</testsuite> <!-- Default test -->
