<?xml version="1.0" encoding="UTF-8"?>
<!-- Generated by org.testng.reporters.JUnitXMLReporter -->
<testsuite hostname="LAPTOP-RBK20B70" ignored="0" name="Test" tests="10" failures="0" timestamp="2021-09-27T10:31:24 IST" time="78.973" errors="0">
  <testcase name="Login" time="11.278" classname="com.urbanladder.runner.Runner"/>
  <testcase name="DiningTable" time="2.576" classname="com.urbanladder.runner.Runner"/>
  <testcase name="Sale" time="9.009" classname="com.urbanladder.runner.Runner"/>
  <testcase name="Living" time="8.389" classname="com.urbanladder.runner.Runner"/>
  <testcase name="Bedroom" time="8.341" classname="com.urbanladder.runner.Runner"/>
  <testcase name="Storage" time="8.643" classname="com.urbanladder.runner.Runner"/>
  <testcase name="Study" time="8.37" classname="com.urbanladder.runner.Runner"/>
  <testcase name="Kids" time="8.291" classname="com.urbanladder.runner.Runner"/>
  <testcase name="GiftCard" time="9.485" classname="com.urbanladder.runner.Runner"/>
  <testcase name="BulkOrder" time="1.896" classname="com.urbanladder.runner.Runner"/>
</testsuite> <!-- Test -->
